<?xml version="1.0" encoding="UTF-8"?>
<testsuite xmlns:xsi="http://www.w3.org/2001/XMLSchema-instance" xsi:noNamespaceSchemaLocation="https://maven.apache.org/surefire/maven-surefire-plugin/xsd/surefire-test-report.xsd" name="com.driver.test.TestCases" time="0.018" tests="15" errors="0" skipped="0" failures="0">
  <properties>
[...]
</properties>
  <testcase name="testCurrentAccount1" classname="com.driver.test.TestCases" time="0.005"/>
  <testcase name="testCurrentAccount2" classname="com.driver.test.TestCases" time="0"/>
  <testcase name="testCurrentAccount3" classname="com.driver.test.TestCases" time="0"/>
  <testcase name="testCurrentAccount4" classname="com.driver.test.TestCases" time="0"/>
  <testcase name="testCurrentAccount5" classname="com.driver.test.TestCases" time="0.003"/>
  <testcase name="testBankAccount1" classname="com.driver.test.TestCases" time="0.001"/>
  <testcase name="testBankAccount2" classname="com.driver.test.TestCases" time="0"/>
  <testcase name="testBankAccount3" classname="com.driver.test.TestCases" time="0"/>
  <testcase name="testBankAccount4" classname="com.driver.test.TestCases" time="0.002"/>
  <testcase name="testBankAccount5" classname="com.driver.test.TestCases" time="0"/>
  <testcase name="testStudentAccount" classname="com.driver.test.TestCases" time="0.001"/>
  <testcase name="testSavingsAccount1" classname="com.driver.test.TestCases" time="0"/>
  <testcase name="testSavingsAccount2" classname="com.driver.test.TestCases" time="0"/>
  <testcase name="testSavingsAccount3" classname="com.driver.test.TestCases" time="0.001"/>
  <testcase name="testSavingsAccount4" classname="com.driver.test.TestCases" time="0"/>
</testsuite>